Checking common/abstractconnection.cpp...
Checking common/abstractconnection.cpp: COMMON_DEBUG_LOGGING...
Checking common/abstractconnection.cpp: PEERHOOD_COMMON_LIBRARY...
1/40 files checked 2% done

...

Checking common/connectionmanager.cpp...
Checking common/connectionmanager.cpp: BEARER_FROM_QT_MOBILITY...
Checking common/connectionmanager.cpp: COMMON_DEBUG_LOGGING...
Checking common/connectionmanager.cpp: PEERHOOD_COMMON_LIBRARY...
[./common/connectionmanager.cpp:92]: (style) Redundant condition. It is safe to deallocate a NULL pointer
6/40 files checked 12% done

...

Checking plugins/wlanplugin/wlanpinger.cpp...
Checking plugins/wlanplugin/wlanpinger.cpp: PEERHOOD_COMMON_LIBRARY...
Checking plugins/wlanplugin/wlanpinger.cpp: Q_OS_LINUX...
[./plugins/wlanplugin/wlanpinger_unix.cpp:1]: (style) The function 'setSocket' is never used
[./plugins/wlanplugin/wlanpinger_unix.cpp:90]: (style) The function 'SocketGuard::getSocket' can be const
32/40 files checked 80% done

...

Checking settings/settings_p.cpp...
40/40 files checked 100% done
