Analyzing ./library/serviceconnectionhandler.cpp
Analyzing ./library/serviceconnectionacceptor.cpp
Analyzing ./library/serviceconnector.cpp
Analyzing ./library/devicemonitorworker.cpp
Analyzing ./library/peerhoodsettings.cpp
Analyzing ./library/peerhood.cpp
Analyzing ./daemon/daemon.cpp
Analyzing ./daemon/main.cpp
Analyzing ./daemon/daemonserver.cpp
Analyzing ./daemon/daemonclientpeer.cpp
Analyzing ./plugins/wlanplugin/wlanpluginadverter.cpp
Analyzing ./plugins/wlanplugin/wlanservicepublisher.cpp
Analyzing ./plugins/wlanplugin/wlanpinger.cpp
Analyzing ./plugins/wlanplugin/wlanpinger_unix.cpp
Analyzing ./plugins/wlanplugin/wlaninquirer.cpp
Analyzing ./plugins/wlanplugin/wlanplugincreator.cpp
Analyzing ./plugins/wlanplugin/wlanmonitor.cpp
Analyzing ./plugins/wlanplugin/wlanplugin.cpp
Analyzing ./plugins/localhostplugin/localhostplugincreator.cpp
Analyzing ./plugins/localhostplugin/localhostplugin.cpp
Analyzing ./register/register.cpp
Analyzing ./settings/settings_p.cpp
Analyzing ./settings/settings.cpp
Analyzing ./common/serviceinforeaderwriter.cpp
Analyzing ./common/abstractreaderwriter.cpp
Analyzing ./common/connectionpluginloader.cpp
Analyzing ./common/abstractmonitor.cpp
Analyzing ./common/device.cpp
Analyzing ./common/factory.cpp
Analyzing ./common/deviceinforeaderwriter.cpp
Analyzing ./common/datamanager.cpp
Analyzing ./common/daemonclientservice.cpp
Analyzing ./common/abstractconnection.cpp
Analyzing ./common/abstractpinger.cpp
Analyzing ./common/localdevice.cpp
Analyzing ./common/daemonconnector.cpp
