==1874== Memcheck, a memory error detector
==1874== Copyright (C) 2002-2010, and GNU GPL'd, by Julian Seward et al.
==1874== Using Valgrind-3.6.1-Debian and LibVEX; rerun with -h for copyright info
==1874== Command: ./ph2daemon
==1874== 
==1874== 
==1874== HEAP SUMMARY:
==1874==     in use at exit: 446,530 bytes in 4,104 blocks
==1874==   total heap usage: 30,705 allocs, 26,601 frees, 2,088,694 bytes allocated
==1874== 
==1874== LEAK SUMMARY:
==1874==    definitely lost: 0 bytes in 0 blocks
==1874==    indirectly lost: 0 bytes in 0 blocks
==1874==      possibly lost: 199,071 bytes in 2,438 blocks
==1874==    still reachable: 247,459 bytes in 1,666 blocks
==1874==         suppressed: 0 bytes in 0 blocks
==1874== Rerun with --leak-check=full to see details of leaked memory
==1874== 
==1874== For counts of detected and suppressed errors, rerun with: -v
==1874== ERROR SUMMARY: 0 errors from 0 contexts (suppressed: 106 from 15)
